<?xml version="1.0" encoding="UTF-8"?>
<!-- Generated by org.testng.reporters.JUnitXMLReporter -->
<testsuite ignored="0" hostname="ZPPS-VIDHATE-WASTI" failures="0" tests="4" name="Test" time="12.153" errors="0" timestamp="2023-03-18T22:56:45 IST">
  <testcase classname="day8.CreateUserPost" name="test_createUser" time="6.849"/>
  <testcase classname="day8.GetUser" name="test_getUser" time="1.132"/>
  <testcase classname="day8.UpdateUserPut" name="test_UpdateUser" time="2.561"/>
  <testcase classname="day8.DeleteUser" name="test_deleteUser" time="1.373"/>
</testsuite> <!-- Test -->
