<?xml version="1.0" encoding="UTF-8"?>
<!-- Generated by org.testng.reporters.JUnitXMLReporter -->
<testsuite ignored="0" hostname="ZPPS-VIDHATE-WASTI" failures="0" tests="9" name="PropertyTest" time="18.22" errors="0" timestamp="2023-04-02T18:07:27 IST">
  <testcase classname="api.test.UserPropertiesDDT" name="testPostUser" time="1.797"/>
  <testcase classname="api.test.UserPropertiesDDT" name="testPostUser" time="1.869"/>
  <testcase classname="api.test.UserPropertiesDDT" name="testPostUser" time="1.909"/>
  <testcase classname="api.test.UserPropertiesDDT" name="testGetUserByName" time="1.739"/>
  <testcase classname="api.test.UserPropertiesDDT" name="testGetUserByName" time="2.158"/>
  <testcase classname="api.test.UserPropertiesDDT" name="testGetUserByName" time="1.733"/>
  <testcase classname="api.test.UserPropertiesDDT" name="testDeleteUserByName" time="1.664"/>
  <testcase classname="api.test.UserPropertiesDDT" name="testDeleteUserByName" time="1.792"/>
  <testcase classname="api.test.UserPropertiesDDT" name="testDeleteUserByName" time="1.767"/>
</testsuite> <!-- PropertyTest -->
