<?xml version="1.0" encoding="UTF-8"?>
<!-- Generated by org.testng.reporters.JUnitXMLReporter -->
<testsuite ignored="0" hostname="ZPPS-VIDHATE-WASTI" failures="0" tests="9" name="StoreTest" time="18.142" errors="0" timestamp="2023-03-22T22:47:30 IST">
  <testcase classname="api.test.StoreDataDrivenTest" name="testPostOrder" time="2.122"/>
  <testcase classname="api.test.StoreDataDrivenTest" name="testPostOrder" time="1.979"/>
  <testcase classname="api.test.StoreDataDrivenTest" name="testPostOrder" time="1.949"/>
  <testcase classname="api.test.StoreDataDrivenTest" name="testDeleteOrder" time="1.869"/>
  <testcase classname="api.test.StoreDataDrivenTest" name="testDeleteOrder" time="1.93"/>
  <testcase classname="api.test.StoreDataDrivenTest" name="testDeleteOrder" time="1.777"/>
  <testcase classname="api.test.StoreDataDrivenTest" name="testGetOrder" time="1.769"/>
  <testcase classname="api.test.StoreDataDrivenTest" name="testGetOrder" time="1.844"/>
  <testcase classname="api.test.StoreDataDrivenTest" name="testGetOrder" time="1.821"/>
</testsuite> <!-- StoreTest -->
