<?xml version="1.0" encoding="UTF-8"?>
<!-- Generated by org.testng.reporters.JUnitXMLReporter -->
<testsuite ignored="0" hostname="ZPPS-VIDHATE-WASTI" failures="0" tests="6" name="UserTest" time="34.393" errors="0" timestamp="2023-04-02T20:54:53 IST">
  <testcase classname="api.test.CreateUserDDT" name="testCreateUser" time="16.113"/>
  <testcase classname="api.test.CreateUserDDT" name="testCreateUser" time="0.625"/>
  <testcase classname="api.test.CreateUserDDT" name="testCreateUser" time="0.627"/>
  <testcase classname="api.test.CreateUserDDT" name="testCreateUser" time="0.657"/>
  <testcase classname="api.test.CreateUserDDT" name="testCreateUser" time="0.588"/>
  <testcase classname="api.test.CreateUserDDT" name="testCreateUser" time="0.534"/>
</testsuite> <!-- UserTest -->
