<?xml version="1.0" encoding="UTF-8"?>
<!-- Generated by org.testng.reporters.JUnitXMLReporter -->
<testsuite ignored="0" hostname="ZPPS-VIDHATE-WASTI" failures="0" tests="6" name="UserTest" time="26.903" errors="0" timestamp="2023-04-03T21:57:51 IST">
  <testcase classname="api.test.CreateUserDDT" name="testCreateUser" time="11.406"/>
  <testcase classname="api.test.CreateUserDDT" name="testCreateUser" time="0.802"/>
  <testcase classname="api.test.CreateUserDDT" name="testCreateUser" time="0.81"/>
  <testcase classname="api.test.CreateUserDDT" name="testCreateUser" time="0.822"/>
  <testcase classname="api.test.CreateUserDDT" name="testCreateUser" time="0.794"/>
  <testcase classname="api.test.CreateUserDDT" name="testCreateUser" time="0.709"/>
</testsuite> <!-- UserTest -->
