<?xml version="1.0" encoding="UTF-8"?>
<!-- Generated by org.testng.reporters.JUnitXMLReporter -->
<testsuite ignored="0" hostname="ZPPS-VIDHATE-WASTI" failures="0" tests="9" name="PropertyTest" time="17.663" errors="0" timestamp="2023-04-04T19:35:16 IST">
  <testcase classname="api.test.UserPropertiesDDT" name="testPostUser" time="1.835"/>
  <testcase classname="api.test.UserPropertiesDDT" name="testPostUser" time="1.753"/>
  <testcase classname="api.test.UserPropertiesDDT" name="testPostUser" time="1.829"/>
  <testcase classname="api.test.UserPropertiesDDT" name="testGetUserByName" time="1.675"/>
  <testcase classname="api.test.UserPropertiesDDT" name="testGetUserByName" time="1.739"/>
  <testcase classname="api.test.UserPropertiesDDT" name="testGetUserByName" time="1.775"/>
  <testcase classname="api.test.UserPropertiesDDT" name="testDeleteUserByName" time="1.76"/>
  <testcase classname="api.test.UserPropertiesDDT" name="testDeleteUserByName" time="1.853"/>
  <testcase classname="api.test.UserPropertiesDDT" name="testDeleteUserByName" time="1.75"/>
</testsuite> <!-- PropertyTest -->
