<?xml version="1.0" encoding="UTF-8"?>
<!-- Generated by org.testng.reporters.JUnitXMLReporter -->
<testsuite ignored="0" hostname="ZPPS-VIDHATE-WASTI" failures="0" tests="9" name="PropertyTest" time="18.822" errors="0" timestamp="2023-04-03T10:09:29 IST">
  <testcase classname="api.test.UserPropertiesDDT" name="testPostUser" time="2.109"/>
  <testcase classname="api.test.UserPropertiesDDT" name="testPostUser" time="1.843"/>
  <testcase classname="api.test.UserPropertiesDDT" name="testPostUser" time="1.984"/>
  <testcase classname="api.test.UserPropertiesDDT" name="testGetUserByName" time="2.062"/>
  <testcase classname="api.test.UserPropertiesDDT" name="testGetUserByName" time="1.875"/>
  <testcase classname="api.test.UserPropertiesDDT" name="testGetUserByName" time="2.374"/>
  <testcase classname="api.test.UserPropertiesDDT" name="testDeleteUserByName" time="1.859"/>
  <testcase classname="api.test.UserPropertiesDDT" name="testDeleteUserByName" time="1.937"/>
  <testcase classname="api.test.UserPropertiesDDT" name="testDeleteUserByName" time="1.952"/>
</testsuite> <!-- PropertyTest -->
