<?xml version="1.0" encoding="UTF-8"?>
<!-- Generated by org.testng.reporters.JUnitXMLReporter -->
<testsuite ignored="0" hostname="ZPPS-VIDHATE-WASTI" failures="0" tests="22" name="UserTest" time="64.696" errors="0" timestamp="2023-04-04T19:34:58 IST">
  <testcase classname="api.test.UserDataDrivenTest" name="testPostUser" time="10.117"/>
  <testcase classname="api.test.UserDataDrivenTest" name="testPostUser" time="1.828"/>
  <testcase classname="api.test.UserDataDrivenTest" name="testPostUser" time="2.32"/>
  <testcase classname="api.test.UserDataDrivenTest" name="testGetUserByName" time="1.858"/>
  <testcase classname="api.test.UserDataDrivenTest" name="testGetUserByName" time="1.725"/>
  <testcase classname="api.test.UserDataDrivenTest" name="testGetUserByName" time="1.711"/>
  <testcase classname="api.test.UserDataDrivenTest" name="testDeleteUserByName" time="1.772"/>
  <testcase classname="api.test.UserDataDrivenTest" name="testDeleteUserByName" time="1.741"/>
  <testcase classname="api.test.UserDataDrivenTest" name="testDeleteUserByName" time="1.754"/>
  <testcase classname="api.test.UserTest" name="testPostUser" time="1.824"/>
  <testcase classname="api.test.UserTest" name="testGetUserByName" time="1.766"/>
  <testcase classname="api.test.UserTest" name="testUpdateUserByName" time="3.579"/>
  <testcase classname="api.test.UserTest" name="testDeleteUserByName" time="1.908"/>
  <testcase classname="api.test.StoreDataDrivenTest" name="testPostOrder" time="1.966"/>
  <testcase classname="api.test.StoreDataDrivenTest" name="testPostOrder" time="1.973"/>
  <testcase classname="api.test.StoreDataDrivenTest" name="testPostOrder" time="1.869"/>
  <testcase classname="api.test.StoreDataDrivenTest" name="testGetOrder" time="1.767"/>
  <testcase classname="api.test.StoreDataDrivenTest" name="testGetOrder" time="1.805"/>
  <testcase classname="api.test.StoreDataDrivenTest" name="testGetOrder" time="1.894"/>
  <testcase classname="api.test.StoreDataDrivenTest" name="testDeleteOrder" time="1.782"/>
  <testcase classname="api.test.StoreDataDrivenTest" name="testDeleteOrder" time="1.881"/>
  <testcase classname="api.test.StoreDataDrivenTest" name="testDeleteOrder" time="1.695"/>
</testsuite> <!-- UserTest -->
