<?xml version="1.0" encoding="UTF-8"?>
<!-- Generated by org.testng.reporters.JUnitXMLReporter -->
<testsuite ignored="0" hostname="ZPPS-VIDHATE-WASTI" failures="0" tests="22" name="UserTest" time="60.108" errors="0" timestamp="2023-04-03T10:09:10 IST">
  <testcase classname="api.test.UserDataDrivenTest" name="testPostUser" time="7.623"/>
  <testcase classname="api.test.UserDataDrivenTest" name="testPostUser" time="1.969"/>
  <testcase classname="api.test.UserDataDrivenTest" name="testPostUser" time="1.827"/>
  <testcase classname="api.test.UserDataDrivenTest" name="testGetUserByName" time="1.953"/>
  <testcase classname="api.test.UserDataDrivenTest" name="testGetUserByName" time="1.983"/>
  <testcase classname="api.test.UserDataDrivenTest" name="testGetUserByName" time="1.89"/>
  <testcase classname="api.test.UserDataDrivenTest" name="testDeleteUserByName" time="1.968"/>
  <testcase classname="api.test.UserDataDrivenTest" name="testDeleteUserByName" time="1.875"/>
  <testcase classname="api.test.UserDataDrivenTest" name="testDeleteUserByName" time="1.89"/>
  <testcase classname="api.test.UserTest" name="testPostUser" time="1.905"/>
  <testcase classname="api.test.UserTest" name="testGetUserByName" time="1.875"/>
  <testcase classname="api.test.UserTest" name="testUpdateUserByName" time="3.892"/>
  <testcase classname="api.test.UserTest" name="testDeleteUserByName" time="1.874"/>
  <testcase classname="api.test.StoreDataDrivenTest" name="testPostOrder" time="1.984"/>
  <testcase classname="api.test.StoreDataDrivenTest" name="testPostOrder" time="1.906"/>
  <testcase classname="api.test.StoreDataDrivenTest" name="testPostOrder" time="1.858"/>
  <testcase classname="api.test.StoreDataDrivenTest" name="testGetOrder" time="1.937"/>
  <testcase classname="api.test.StoreDataDrivenTest" name="testGetOrder" time="2.0"/>
  <testcase classname="api.test.StoreDataDrivenTest" name="testGetOrder" time="1.983"/>
  <testcase classname="api.test.StoreDataDrivenTest" name="testDeleteOrder" time="1.844"/>
  <testcase classname="api.test.StoreDataDrivenTest" name="testDeleteOrder" time="1.952"/>
  <testcase classname="api.test.StoreDataDrivenTest" name="testDeleteOrder" time="1.999"/>
</testsuite> <!-- UserTest -->
