<?xml version="1.0" encoding="UTF-8"?>
<testng-results ignored="0" total="37" passed="37" failed="0" skipped="0">
  <reporter-output>
  </reporter-output>
  <suite started-at="2023-04-04T19:33:52 IST" name="UserSuite" finished-at="2023-04-04T19:35:16 IST" duration-ms="83988">
    <groups>
      <group name="Practice">
        <method signature="UserDataDrivenTest.testPostUser(java.lang.String,java.lang.String,java.lang.String,java.lang.String,java.lang.String,java.lang.String,java.lang.String)[pri:1, instance:api.test.UserDataDrivenTest@57d7f8ca]" name="testPostUser" class="api.test.UserDataDrivenTest"/>
      </group> <!-- Practice -->
    </groups>
    <test started-at="2023-04-04T19:33:52 IST" name="UserTest" finished-at="2023-04-04T19:34:56 IST" duration-ms="64696">
      <class name="api.test.StoreDataDrivenTest">
        <test-method signature="testPostOrder(java.lang.String,java.lang.String,java.lang.String,java.lang.String,java.lang.String,java.lang.String)[pri:1, instance:api.test.StoreDataDrivenTest@2c35e847]" started-at="2023-04-04T19:34:39 IST" name="testPostOrder" data-provider="Data" finished-at="2023-04-04T19:34:41 IST" duration-ms="1966" status="PASS">
          <params>
            <param index="0">
              <value>
                <![CDATA[1001]]>
              </value>
            </param>
            <param index="1">
              <value>
                <![CDATA[10]]>
              </value>
            </param>
            <param index="2">
              <value>
                <![CDATA[1]]>
              </value>
            </param>
            <param index="3">
              <value>
                <![CDATA[2023-03-21T04:33:16.883Z]]>
              </value>
            </param>
            <param index="4">
              <value>
                <![CDATA[placed]]>
              </value>
            </param>
            <param index="5">
              <value>
                <![CDATA[TRUE]]>
              </value>
            </param>
          </params>
          <reporter-output>
          </reporter-output>
        </test-method> <!-- testPostOrder -->
        <test-method signature="testPostOrder(java.lang.String,java.lang.String,java.lang.String,java.lang.String,java.lang.String,java.lang.String)[pri:1, instance:api.test.StoreDataDrivenTest@2c35e847]" started-at="2023-04-04T19:34:41 IST" name="testPostOrder" data-provider="Data" finished-at="2023-04-04T19:34:43 IST" duration-ms="1973" status="PASS">
          <params>
            <param index="0">
              <value>
                <![CDATA[1002]]>
              </value>
            </param>
            <param index="1">
              <value>
                <![CDATA[20]]>
              </value>
            </param>
            <param index="2">
              <value>
                <![CDATA[2]]>
              </value>
            </param>
            <param index="3">
              <value>
                <![CDATA[2023-03-22T04:33:16.883Z]]>
              </value>
            </param>
            <param index="4">
              <value>
                <![CDATA[placed]]>
              </value>
            </param>
            <param index="5">
              <value>
                <![CDATA[FALSE]]>
              </value>
            </param>
          </params>
          <reporter-output>
          </reporter-output>
        </test-method> <!-- testPostOrder -->
        <test-method signature="testPostOrder(java.lang.String,java.lang.String,java.lang.String,java.lang.String,java.lang.String,java.lang.String)[pri:1, instance:api.test.StoreDataDrivenTest@2c35e847]" started-at="2023-04-04T19:34:43 IST" name="testPostOrder" data-provider="Data" finished-at="2023-04-04T19:34:45 IST" duration-ms="1869" status="PASS">
          <params>
            <param index="0">
              <value>
                <![CDATA[1003]]>
              </value>
            </param>
            <param index="1">
              <value>
                <![CDATA[30]]>
              </value>
            </param>
            <param index="2">
              <value>
                <![CDATA[3]]>
              </value>
            </param>
            <param index="3">
              <value>
                <![CDATA[2023-03-23T04:33:16.883Z]]>
              </value>
            </param>
            <param index="4">
              <value>
                <![CDATA[placed]]>
              </value>
            </param>
            <param index="5">
              <value>
                <![CDATA[TRUE]]>
              </value>
            </param>
          </params>
          <reporter-output>
          </reporter-output>
        </test-method> <!-- testPostOrder -->
        <test-method signature="testGetOrder(java.lang.String)[pri:2, instance:api.test.StoreDataDrivenTest@2c35e847]" started-at="2023-04-04T19:34:45 IST" name="testGetOrder" data-provider="orderId" finished-at="2023-04-04T19:34:47 IST" duration-ms="1767" status="PASS">
          <params>
            <param index="0">
              <value>
                <![CDATA[10]]>
              </value>
            </param>
          </params>
          <reporter-output>
          </reporter-output>
        </test-method> <!-- testGetOrder -->
        <test-method signature="testGetOrder(java.lang.String)[pri:2, instance:api.test.StoreDataDrivenTest@2c35e847]" started-at="2023-04-04T19:34:47 IST" name="testGetOrder" data-provider="orderId" finished-at="2023-04-04T19:34:49 IST" duration-ms="1805" status="PASS">
          <params>
            <param index="0">
              <value>
                <![CDATA[20]]>
              </value>
            </param>
          </params>
          <reporter-output>
          </reporter-output>
        </test-method> <!-- testGetOrder -->
        <test-method signature="testGetOrder(java.lang.String)[pri:2, instance:api.test.StoreDataDrivenTest@2c35e847]" started-at="2023-04-04T19:34:49 IST" name="testGetOrder" data-provider="orderId" finished-at="2023-04-04T19:34:51 IST" duration-ms="1894" status="PASS">
          <params>
            <param index="0">
              <value>
                <![CDATA[30]]>
              </value>
            </param>
          </params>
          <reporter-output>
          </reporter-output>
        </test-method> <!-- testGetOrder -->
        <test-method signature="testDeleteOrder(java.lang.String)[pri:3, instance:api.test.StoreDataDrivenTest@2c35e847]" started-at="2023-04-04T19:34:51 IST" name="testDeleteOrder" data-provider="orderId" finished-at="2023-04-04T19:34:53 IST" duration-ms="1782" status="PASS">
          <params>
            <param index="0">
              <value>
                <![CDATA[10]]>
              </value>
            </param>
          </params>
          <reporter-output>
          </reporter-output>
        </test-method> <!-- testDeleteOrder -->
        <test-method signature="testDeleteOrder(java.lang.String)[pri:3, instance:api.test.StoreDataDrivenTest@2c35e847]" started-at="2023-04-04T19:34:53 IST" name="testDeleteOrder" data-provider="orderId" finished-at="2023-04-04T19:34:55 IST" duration-ms="1881" status="PASS">
          <params>
            <param index="0">
              <value>
                <![CDATA[20]]>
              </value>
            </param>
          </params>
          <reporter-output>
          </reporter-output>
        </test-method> <!-- testDeleteOrder -->
        <test-method signature="testDeleteOrder(java.lang.String)[pri:3, instance:api.test.StoreDataDrivenTest@2c35e847]" started-at="2023-04-04T19:34:55 IST" name="testDeleteOrder" data-provider="orderId" finished-at="2023-04-04T19:34:56 IST" duration-ms="1695" status="PASS">
          <params>
            <param index="0">
              <value>
                <![CDATA[30]]>
              </value>
            </param>
          </params>
          <reporter-output>
          </reporter-output>
        </test-method> <!-- testDeleteOrder -->
      </class> <!-- api.test.StoreDataDrivenTest -->
      <class name="api.test.UserDataDrivenTest">
        <test-method signature="testPostUser(java.lang.String,java.lang.String,java.lang.String,java.lang.String,java.lang.String,java.lang.String,java.lang.String)[pri:1, instance:api.test.UserDataDrivenTest@57d7f8ca]" started-at="2023-04-04T19:34:03 IST" name="testPostUser" data-provider="Data" finished-at="2023-04-04T19:34:13 IST" duration-ms="10117" status="PASS">
          <params>
            <param index="0">
              <value>
                <![CDATA[1010]]>
              </value>
            </param>
            <param index="1">
              <value>
                <![CDATA[testuser1]]>
              </value>
            </param>
            <param index="2">
              <value>
                <![CDATA[John]]>
              </value>
            </param>
            <param index="3">
              <value>
                <![CDATA[Canedy]]>
              </value>
            </param>
            <param index="4">
              <value>
                <![CDATA[a@gmail.com]]>
              </value>
            </param>
            <param index="5">
              <value>
                <![CDATA[test@1]]>
              </value>
            </param>
            <param index="6">
              <value>
                <![CDATA[1234567897]]>
              </value>
            </param>
          </params>
          <reporter-output>
          </reporter-output>
        </test-method> <!-- testPostUser -->
        <test-method signature="testPostUser(java.lang.String,java.lang.String,java.lang.String,java.lang.String,java.lang.String,java.lang.String,java.lang.String)[pri:1, instance:api.test.UserDataDrivenTest@57d7f8ca]" started-at="2023-04-04T19:34:13 IST" name="testPostUser" data-provider="Data" finished-at="2023-04-04T19:34:15 IST" duration-ms="1828" status="PASS">
          <params>
            <param index="0">
              <value>
                <![CDATA[1020]]>
              </value>
            </param>
            <param index="1">
              <value>
                <![CDATA[testuser2]]>
              </value>
            </param>
            <param index="2">
              <value>
                <![CDATA[Kim]]>
              </value>
            </param>
            <param index="3">
              <value>
                <![CDATA[Kom]]>
              </value>
            </param>
            <param index="4">
              <value>
                <![CDATA[b@gmail.com]]>
              </value>
            </param>
            <param index="5">
              <value>
                <![CDATA[test@2]]>
              </value>
            </param>
            <param index="6">
              <value>
                <![CDATA[1234567897]]>
              </value>
            </param>
          </params>
          <reporter-output>
          </reporter-output>
        </test-method> <!-- testPostUser -->
        <test-method signature="testPostUser(java.lang.String,java.lang.String,java.lang.String,java.lang.String,java.lang.String,java.lang.String,java.lang.String)[pri:1, instance:api.test.UserDataDrivenTest@57d7f8ca]" started-at="2023-04-04T19:34:15 IST" name="testPostUser" data-provider="Data" finished-at="2023-04-04T19:34:17 IST" duration-ms="2320" status="PASS">
          <params>
            <param index="0">
              <value>
                <![CDATA[1030]]>
              </value>
            </param>
            <param index="1">
              <value>
                <![CDATA[testuser3]]>
              </value>
            </param>
            <param index="2">
              <value>
                <![CDATA[Smith]]>
              </value>
            </param>
            <param index="3">
              <value>
                <![CDATA[Steve]]>
              </value>
            </param>
            <param index="4">
              <value>
                <![CDATA[c@gmail.com]]>
              </value>
            </param>
            <param index="5">
              <value>
                <![CDATA[test@3]]>
              </value>
            </param>
            <param index="6">
              <value>
                <![CDATA[1234567897]]>
              </value>
            </param>
          </params>
          <reporter-output>
          </reporter-output>
        </test-method> <!-- testPostUser -->
        <test-method signature="testGetUserByName(java.lang.String)[pri:2, instance:api.test.UserDataDrivenTest@57d7f8ca]" started-at="2023-04-04T19:34:17 IST" name="testGetUserByName" data-provider="userNames" finished-at="2023-04-04T19:34:19 IST" duration-ms="1858" status="PASS">
          <params>
            <param index="0">
              <value>
                <![CDATA[testuser1]]>
              </value>
            </param>
          </params>
          <reporter-output>
          </reporter-output>
        </test-method> <!-- testGetUserByName -->
        <test-method signature="testGetUserByName(java.lang.String)[pri:2, instance:api.test.UserDataDrivenTest@57d7f8ca]" started-at="2023-04-04T19:34:19 IST" name="testGetUserByName" data-provider="userNames" finished-at="2023-04-04T19:34:21 IST" duration-ms="1725" status="PASS">
          <params>
            <param index="0">
              <value>
                <![CDATA[testuser2]]>
              </value>
            </param>
          </params>
          <reporter-output>
          </reporter-output>
        </test-method> <!-- testGetUserByName -->
        <test-method signature="testGetUserByName(java.lang.String)[pri:2, instance:api.test.UserDataDrivenTest@57d7f8ca]" started-at="2023-04-04T19:34:21 IST" name="testGetUserByName" data-provider="userNames" finished-at="2023-04-04T19:34:23 IST" duration-ms="1711" status="PASS">
          <params>
            <param index="0">
              <value>
                <![CDATA[testuser3]]>
              </value>
            </param>
          </params>
          <reporter-output>
          </reporter-output>
        </test-method> <!-- testGetUserByName -->
        <test-method signature="testDeleteUserByName(java.lang.String)[pri:3, instance:api.test.UserDataDrivenTest@57d7f8ca]" started-at="2023-04-04T19:34:23 IST" name="testDeleteUserByName" data-provider="userNames" finished-at="2023-04-04T19:34:25 IST" duration-ms="1772" status="PASS">
          <params>
            <param index="0">
              <value>
                <![CDATA[testuser1]]>
              </value>
            </param>
          </params>
          <reporter-output>
          </reporter-output>
        </test-method> <!-- testDeleteUserByName -->
        <test-method signature="testDeleteUserByName(java.lang.String)[pri:3, instance:api.test.UserDataDrivenTest@57d7f8ca]" started-at="2023-04-04T19:34:25 IST" name="testDeleteUserByName" data-provider="userNames" finished-at="2023-04-04T19:34:27 IST" duration-ms="1741" status="PASS">
          <params>
            <param index="0">
              <value>
                <![CDATA[testuser2]]>
              </value>
            </param>
          </params>
          <reporter-output>
          </reporter-output>
        </test-method> <!-- testDeleteUserByName -->
        <test-method signature="testDeleteUserByName(java.lang.String)[pri:3, instance:api.test.UserDataDrivenTest@57d7f8ca]" started-at="2023-04-04T19:34:27 IST" name="testDeleteUserByName" data-provider="userNames" finished-at="2023-04-04T19:34:28 IST" duration-ms="1754" status="PASS">
          <params>
            <param index="0">
              <value>
                <![CDATA[testuser3]]>
              </value>
            </param>
          </params>
          <reporter-output>
          </reporter-output>
        </test-method> <!-- testDeleteUserByName -->
      </class> <!-- api.test.UserDataDrivenTest -->
      <class name="api.test.UserTest">
        <test-method is-config="true" signature="setup()[pri:0, instance:api.test.UserTest@7c24b813]" started-at="2023-04-04T19:34:28 IST" name="setup" finished-at="2023-04-04T19:34:29 IST" duration-ms="756" status="PASS">
          <reporter-output>
          </reporter-output>
        </test-method> <!-- setup -->
        <test-method signature="testPostUser()[pri:1, instance:api.test.UserTest@7c24b813]" started-at="2023-04-04T19:34:29 IST" name="testPostUser" finished-at="2023-04-04T19:34:31 IST" duration-ms="1824" status="PASS">
          <reporter-output>
          </reporter-output>
        </test-method> <!-- testPostUser -->
        <test-method signature="testGetUserByName()[pri:2, instance:api.test.UserTest@7c24b813]" started-at="2023-04-04T19:34:31 IST" name="testGetUserByName" finished-at="2023-04-04T19:34:33 IST" duration-ms="1766" status="PASS">
          <reporter-output>
          </reporter-output>
        </test-method> <!-- testGetUserByName -->
        <test-method signature="testUpdateUserByName()[pri:3, instance:api.test.UserTest@7c24b813]" started-at="2023-04-04T19:34:33 IST" name="testUpdateUserByName" finished-at="2023-04-04T19:34:36 IST" duration-ms="3579" status="PASS">
          <reporter-output>
          </reporter-output>
        </test-method> <!-- testUpdateUserByName -->
        <test-method signature="testDeleteUserByName()[pri:4, instance:api.test.UserTest@7c24b813]" started-at="2023-04-04T19:34:36 IST" name="testDeleteUserByName" finished-at="2023-04-04T19:34:38 IST" duration-ms="1908" status="PASS">
          <reporter-output>
          </reporter-output>
        </test-method> <!-- testDeleteUserByName -->
      </class> <!-- api.test.UserTest -->
    </test> <!-- UserTest -->
    <test started-at="2023-04-04T19:34:58 IST" name="PropertyTest" finished-at="2023-04-04T19:35:16 IST" duration-ms="17663">
      <class name="api.test.UserPropertiesDDT">
        <test-method signature="testPostUser(java.lang.String,java.lang.String,java.lang.String,java.lang.String,java.lang.String,java.lang.String,java.lang.String)[pri:1, instance:api.test.UserPropertiesDDT@1e1a0406]" started-at="2023-04-04T19:34:59 IST" name="testPostUser" data-provider="Data" finished-at="2023-04-04T19:35:01 IST" duration-ms="1835" status="PASS">
          <params>
            <param index="0">
              <value>
                <![CDATA[1010]]>
              </value>
            </param>
            <param index="1">
              <value>
                <![CDATA[testuser1]]>
              </value>
            </param>
            <param index="2">
              <value>
                <![CDATA[John]]>
              </value>
            </param>
            <param index="3">
              <value>
                <![CDATA[Canedy]]>
              </value>
            </param>
            <param index="4">
              <value>
                <![CDATA[a@gmail.com]]>
              </value>
            </param>
            <param index="5">
              <value>
                <![CDATA[test@1]]>
              </value>
            </param>
            <param index="6">
              <value>
                <![CDATA[1234567897]]>
              </value>
            </param>
          </params>
          <reporter-output>
          </reporter-output>
        </test-method> <!-- testPostUser -->
        <test-method signature="testPostUser(java.lang.String,java.lang.String,java.lang.String,java.lang.String,java.lang.String,java.lang.String,java.lang.String)[pri:1, instance:api.test.UserPropertiesDDT@1e1a0406]" started-at="2023-04-04T19:35:01 IST" name="testPostUser" data-provider="Data" finished-at="2023-04-04T19:35:03 IST" duration-ms="1753" status="PASS">
          <params>
            <param index="0">
              <value>
                <![CDATA[1020]]>
              </value>
            </param>
            <param index="1">
              <value>
                <![CDATA[testuser2]]>
              </value>
            </param>
            <param index="2">
              <value>
                <![CDATA[Kim]]>
              </value>
            </param>
            <param index="3">
              <value>
                <![CDATA[Kom]]>
              </value>
            </param>
            <param index="4">
              <value>
                <![CDATA[b@gmail.com]]>
              </value>
            </param>
            <param index="5">
              <value>
                <![CDATA[test@2]]>
              </value>
            </param>
            <param index="6">
              <value>
                <![CDATA[1234567897]]>
              </value>
            </param>
          </params>
          <reporter-output>
          </reporter-output>
        </test-method> <!-- testPostUser -->
        <test-method signature="testPostUser(java.lang.String,java.lang.String,java.lang.String,java.lang.String,java.lang.String,java.lang.String,java.lang.String)[pri:1, instance:api.test.UserPropertiesDDT@1e1a0406]" started-at="2023-04-04T19:35:03 IST" name="testPostUser" data-provider="Data" finished-at="2023-04-04T19:35:05 IST" duration-ms="1829" status="PASS">
          <params>
            <param index="0">
              <value>
                <![CDATA[1030]]>
              </value>
            </param>
            <param index="1">
              <value>
                <![CDATA[testuser3]]>
              </value>
            </param>
            <param index="2">
              <value>
                <![CDATA[Smith]]>
              </value>
            </param>
            <param index="3">
              <value>
                <![CDATA[Steve]]>
              </value>
            </param>
            <param index="4">
              <value>
                <![CDATA[c@gmail.com]]>
              </value>
            </param>
            <param index="5">
              <value>
                <![CDATA[test@3]]>
              </value>
            </param>
            <param index="6">
              <value>
                <![CDATA[1234567897]]>
              </value>
            </param>
          </params>
          <reporter-output>
          </reporter-output>
        </test-method> <!-- testPostUser -->
        <test-method signature="testGetUserByName(java.lang.String)[pri:2, instance:api.test.UserPropertiesDDT@1e1a0406]" started-at="2023-04-04T19:35:05 IST" name="testGetUserByName" data-provider="userNames" finished-at="2023-04-04T19:35:07 IST" duration-ms="1675" status="PASS">
          <params>
            <param index="0">
              <value>
                <![CDATA[testuser1]]>
              </value>
            </param>
          </params>
          <reporter-output>
          </reporter-output>
        </test-method> <!-- testGetUserByName -->
        <test-method signature="testGetUserByName(java.lang.String)[pri:2, instance:api.test.UserPropertiesDDT@1e1a0406]" started-at="2023-04-04T19:35:07 IST" name="testGetUserByName" data-provider="userNames" finished-at="2023-04-04T19:35:08 IST" duration-ms="1739" status="PASS">
          <params>
            <param index="0">
              <value>
                <![CDATA[testuser2]]>
              </value>
            </param>
          </params>
          <reporter-output>
          </reporter-output>
        </test-method> <!-- testGetUserByName -->
        <test-method signature="testGetUserByName(java.lang.String)[pri:2, instance:api.test.UserPropertiesDDT@1e1a0406]" started-at="2023-04-04T19:35:08 IST" name="testGetUserByName" data-provider="userNames" finished-at="2023-04-04T19:35:10 IST" duration-ms="1775" status="PASS">
          <params>
            <param index="0">
              <value>
                <![CDATA[testuser3]]>
              </value>
            </param>
          </params>
          <reporter-output>
          </reporter-output>
        </test-method> <!-- testGetUserByName -->
        <test-method signature="testDeleteUserByName(java.lang.String)[pri:3, instance:api.test.UserPropertiesDDT@1e1a0406]" started-at="2023-04-04T19:35:10 IST" name="testDeleteUserByName" data-provider="userNames" finished-at="2023-04-04T19:35:12 IST" duration-ms="1760" status="PASS">
          <params>
            <param index="0">
              <value>
                <![CDATA[testuser1]]>
              </value>
            </param>
          </params>
          <reporter-output>
          </reporter-output>
        </test-method> <!-- testDeleteUserByName -->
        <test-method signature="testDeleteUserByName(java.lang.String)[pri:3, instance:api.test.UserPropertiesDDT@1e1a0406]" started-at="2023-04-04T19:35:12 IST" name="testDeleteUserByName" data-provider="userNames" finished-at="2023-04-04T19:35:14 IST" duration-ms="1853" status="PASS">
          <params>
            <param index="0">
              <value>
                <![CDATA[testuser2]]>
              </value>
            </param>
          </params>
          <reporter-output>
          </reporter-output>
        </test-method> <!-- testDeleteUserByName -->
        <test-method signature="testDeleteUserByName(java.lang.String)[pri:3, instance:api.test.UserPropertiesDDT@1e1a0406]" started-at="2023-04-04T19:35:14 IST" name="testDeleteUserByName" data-provider="userNames" finished-at="2023-04-04T19:35:16 IST" duration-ms="1750" status="PASS">
          <params>
            <param index="0">
              <value>
                <![CDATA[testuser3]]>
              </value>
            </param>
          </params>
          <reporter-output>
          </reporter-output>
        </test-method> <!-- testDeleteUserByName -->
      </class> <!-- api.test.UserPropertiesDDT -->
    </test> <!-- PropertyTest -->
  </suite> <!-- UserSuite -->
  <suite started-at="2023-04-04T19:35:16 IST" name="UserSuite (0)" finished-at="2023-04-04T19:35:21 IST" duration-ms="5078">
    <groups>
    </groups>
    <test started-at="2023-04-04T19:35:16 IST" name="UserTest" finished-at="2023-04-04T19:35:21 IST" duration-ms="5078">
      <class name="api.test.CreateUserDDT">
        <test-method signature="testCreateUser(java.lang.String,java.lang.String)[pri:1, instance:api.test.CreateUserDDT@27462a88]" started-at="2023-04-04T19:35:17 IST" name="testCreateUser" data-provider="data" finished-at="2023-04-04T19:35:18 IST" duration-ms="1062" status="PASS">
          <params>
            <param index="0">
              <value>
                <![CDATA[Shubham]]>
              </value>
            </param>
            <param index="1">
              <value>
                <![CDATA[Leader]]>
              </value>
            </param>
          </params>
          <reporter-output>
          </reporter-output>
        </test-method> <!-- testCreateUser -->
        <test-method signature="testCreateUser(java.lang.String,java.lang.String)[pri:1, instance:api.test.CreateUserDDT@27462a88]" started-at="2023-04-04T19:35:18 IST" name="testCreateUser" data-provider="data" finished-at="2023-04-04T19:35:19 IST" duration-ms="673" status="PASS">
          <params>
            <param index="0">
              <value>
                <![CDATA[Sachin]]>
              </value>
            </param>
            <param index="1">
              <value>
                <![CDATA[QA]]>
              </value>
            </param>
          </params>
          <reporter-output>
          </reporter-output>
        </test-method> <!-- testCreateUser -->
        <test-method signature="testCreateUser(java.lang.String,java.lang.String)[pri:1, instance:api.test.CreateUserDDT@27462a88]" started-at="2023-04-04T19:35:19 IST" name="testCreateUser" data-provider="data" finished-at="2023-04-04T19:35:19 IST" duration-ms="626" status="PASS">
          <params>
            <param index="0">
              <value>
                <![CDATA[Rushi]]>
              </value>
            </param>
            <param index="1">
              <value>
                <![CDATA[BA]]>
              </value>
            </param>
          </params>
          <reporter-output>
          </reporter-output>
        </test-method> <!-- testCreateUser -->
        <test-method signature="testCreateUser(java.lang.String,java.lang.String)[pri:1, instance:api.test.CreateUserDDT@27462a88]" started-at="2023-04-04T19:35:19 IST" name="testCreateUser" data-provider="data" finished-at="2023-04-04T19:35:20 IST" duration-ms="652" status="PASS">
          <params>
            <param index="0">
              <value>
                <![CDATA[Rohit]]>
              </value>
            </param>
            <param index="1">
              <value>
                <![CDATA[Dev]]>
              </value>
            </param>
          </params>
          <reporter-output>
          </reporter-output>
        </test-method> <!-- testCreateUser -->
        <test-method signature="testCreateUser(java.lang.String,java.lang.String)[pri:1, instance:api.test.CreateUserDDT@27462a88]" started-at="2023-04-04T19:35:20 IST" name="testCreateUser" data-provider="data" finished-at="2023-04-04T19:35:20 IST" duration-ms="617" status="PASS">
          <params>
            <param index="0">
              <value>
                <![CDATA[Pavan]]>
              </value>
            </param>
            <param index="1">
              <value>
                <![CDATA[QC]]>
              </value>
            </param>
          </params>
          <reporter-output>
          </reporter-output>
        </test-method> <!-- testCreateUser -->
        <test-method signature="testCreateUser(java.lang.String,java.lang.String)[pri:1, instance:api.test.CreateUserDDT@27462a88]" started-at="2023-04-04T19:35:20 IST" name="testCreateUser" data-provider="data" finished-at="2023-04-04T19:35:21 IST" duration-ms="657" status="PASS">
          <params>
            <param index="0">
              <value>
                <![CDATA[Sagar]]>
              </value>
            </param>
            <param index="1">
              <value>
                <![CDATA[ER]]>
              </value>
            </param>
          </params>
          <reporter-output>
          </reporter-output>
        </test-method> <!-- testCreateUser -->
      </class> <!-- api.test.CreateUserDDT -->
    </test> <!-- UserTest -->
  </suite> <!-- UserSuite (0) -->
</testng-results>
