<?xml version="1.0" encoding="UTF-8"?>
<testng-results ignored="0" total="6" passed="6" failed="0" skipped="0">
  <reporter-output>
  </reporter-output>
  <suite started-at="2023-04-02T20:54:16 IST" name="UserSuite" finished-at="2023-04-02T20:54:50 IST" duration-ms="34393">
    <groups>
    </groups>
    <test started-at="2023-04-02T20:54:16 IST" name="UserTest" finished-at="2023-04-02T20:54:50 IST" duration-ms="34393">
      <class name="api.test.CreateUserDDT">
        <test-method signature="testCreateUser(java.lang.String,java.lang.String)[pri:1, instance:api.test.CreateUserDDT@ffaa6af]" started-at="2023-04-02T20:54:31 IST" name="testCreateUser" data-provider="data" finished-at="2023-04-02T20:54:47 IST" duration-ms="16113" status="PASS">
          <params>
            <param index="0">
              <value>
                <![CDATA[Shubham]]>
              </value>
            </param>
            <param index="1">
              <value>
                <![CDATA[Leader]]>
              </value>
            </param>
          </params>
          <reporter-output>
          </reporter-output>
        </test-method> <!-- testCreateUser -->
        <test-method signature="testCreateUser(java.lang.String,java.lang.String)[pri:1, instance:api.test.CreateUserDDT@ffaa6af]" started-at="2023-04-02T20:54:47 IST" name="testCreateUser" data-provider="data" finished-at="2023-04-02T20:54:48 IST" duration-ms="625" status="PASS">
          <params>
            <param index="0">
              <value>
                <![CDATA[Sachin]]>
              </value>
            </param>
            <param index="1">
              <value>
                <![CDATA[QA]]>
              </value>
            </param>
          </params>
          <reporter-output>
          </reporter-output>
        </test-method> <!-- testCreateUser -->
        <test-method signature="testCreateUser(java.lang.String,java.lang.String)[pri:1, instance:api.test.CreateUserDDT@ffaa6af]" started-at="2023-04-02T20:54:48 IST" name="testCreateUser" data-provider="data" finished-at="2023-04-02T20:54:48 IST" duration-ms="627" status="PASS">
          <params>
            <param index="0">
              <value>
                <![CDATA[Rushi]]>
              </value>
            </param>
            <param index="1">
              <value>
                <![CDATA[BA]]>
              </value>
            </param>
          </params>
          <reporter-output>
          </reporter-output>
        </test-method> <!-- testCreateUser -->
        <test-method signature="testCreateUser(java.lang.String,java.lang.String)[pri:1, instance:api.test.CreateUserDDT@ffaa6af]" started-at="2023-04-02T20:54:48 IST" name="testCreateUser" data-provider="data" finished-at="2023-04-02T20:54:49 IST" duration-ms="657" status="PASS">
          <params>
            <param index="0">
              <value>
                <![CDATA[Rohit]]>
              </value>
            </param>
            <param index="1">
              <value>
                <![CDATA[Dev]]>
              </value>
            </param>
          </params>
          <reporter-output>
          </reporter-output>
        </test-method> <!-- testCreateUser -->
        <test-method signature="testCreateUser(java.lang.String,java.lang.String)[pri:1, instance:api.test.CreateUserDDT@ffaa6af]" started-at="2023-04-02T20:54:49 IST" name="testCreateUser" data-provider="data" finished-at="2023-04-02T20:54:50 IST" duration-ms="588" status="PASS">
          <params>
            <param index="0">
              <value>
                <![CDATA[Pavan]]>
              </value>
            </param>
            <param index="1">
              <value>
                <![CDATA[QC]]>
              </value>
            </param>
          </params>
          <reporter-output>
          </reporter-output>
        </test-method> <!-- testCreateUser -->
        <test-method signature="testCreateUser(java.lang.String,java.lang.String)[pri:1, instance:api.test.CreateUserDDT@ffaa6af]" started-at="2023-04-02T20:54:50 IST" name="testCreateUser" data-provider="data" finished-at="2023-04-02T20:54:50 IST" duration-ms="534" status="PASS">
          <params>
            <param index="0">
              <value>
                <![CDATA[Sagar]]>
              </value>
            </param>
            <param index="1">
              <value>
                <![CDATA[ER]]>
              </value>
            </param>
          </params>
          <reporter-output>
          </reporter-output>
        </test-method> <!-- testCreateUser -->
      </class> <!-- api.test.CreateUserDDT -->
    </test> <!-- UserTest -->
  </suite> <!-- UserSuite -->
</testng-results>
