<?xml version="1.0" encoding="UTF-8"?>
<testng-results ignored="0" total="6" passed="6" failed="0" skipped="0">
  <reporter-output>
  </reporter-output>
  <suite started-at="2023-04-03T21:57:22 IST" name="UserSuite" finished-at="2023-04-03T21:57:49 IST" duration-ms="26903">
    <groups>
    </groups>
    <test started-at="2023-04-03T21:57:22 IST" name="UserTest" finished-at="2023-04-03T21:57:49 IST" duration-ms="26903">
      <class name="api.test.CreateUserDDT">
        <test-method signature="testCreateUser(java.lang.String,java.lang.String)[pri:1, instance:api.test.CreateUserDDT@27462a88]" started-at="2023-04-03T21:57:33 IST" name="testCreateUser" data-provider="data" finished-at="2023-04-03T21:57:45 IST" duration-ms="11406" status="PASS">
          <params>
            <param index="0">
              <value>
                <![CDATA[Shubham]]>
              </value>
            </param>
            <param index="1">
              <value>
                <![CDATA[Leader]]>
              </value>
            </param>
          </params>
          <reporter-output>
          </reporter-output>
        </test-method> <!-- testCreateUser -->
        <test-method signature="testCreateUser(java.lang.String,java.lang.String)[pri:1, instance:api.test.CreateUserDDT@27462a88]" started-at="2023-04-03T21:57:45 IST" name="testCreateUser" data-provider="data" finished-at="2023-04-03T21:57:46 IST" duration-ms="802" status="PASS">
          <params>
            <param index="0">
              <value>
                <![CDATA[Sachin]]>
              </value>
            </param>
            <param index="1">
              <value>
                <![CDATA[QA]]>
              </value>
            </param>
          </params>
          <reporter-output>
          </reporter-output>
        </test-method> <!-- testCreateUser -->
        <test-method signature="testCreateUser(java.lang.String,java.lang.String)[pri:1, instance:api.test.CreateUserDDT@27462a88]" started-at="2023-04-03T21:57:46 IST" name="testCreateUser" data-provider="data" finished-at="2023-04-03T21:57:46 IST" duration-ms="810" status="PASS">
          <params>
            <param index="0">
              <value>
                <![CDATA[Rushi]]>
              </value>
            </param>
            <param index="1">
              <value>
                <![CDATA[BA]]>
              </value>
            </param>
          </params>
          <reporter-output>
          </reporter-output>
        </test-method> <!-- testCreateUser -->
        <test-method signature="testCreateUser(java.lang.String,java.lang.String)[pri:1, instance:api.test.CreateUserDDT@27462a88]" started-at="2023-04-03T21:57:46 IST" name="testCreateUser" data-provider="data" finished-at="2023-04-03T21:57:47 IST" duration-ms="822" status="PASS">
          <params>
            <param index="0">
              <value>
                <![CDATA[Rohit]]>
              </value>
            </param>
            <param index="1">
              <value>
                <![CDATA[Dev]]>
              </value>
            </param>
          </params>
          <reporter-output>
          </reporter-output>
        </test-method> <!-- testCreateUser -->
        <test-method signature="testCreateUser(java.lang.String,java.lang.String)[pri:1, instance:api.test.CreateUserDDT@27462a88]" started-at="2023-04-03T21:57:47 IST" name="testCreateUser" data-provider="data" finished-at="2023-04-03T21:57:48 IST" duration-ms="794" status="PASS">
          <params>
            <param index="0">
              <value>
                <![CDATA[Pavan]]>
              </value>
            </param>
            <param index="1">
              <value>
                <![CDATA[QC]]>
              </value>
            </param>
          </params>
          <reporter-output>
          </reporter-output>
        </test-method> <!-- testCreateUser -->
        <test-method signature="testCreateUser(java.lang.String,java.lang.String)[pri:1, instance:api.test.CreateUserDDT@27462a88]" started-at="2023-04-03T21:57:48 IST" name="testCreateUser" data-provider="data" finished-at="2023-04-03T21:57:49 IST" duration-ms="709" status="PASS">
          <params>
            <param index="0">
              <value>
                <![CDATA[Sagar]]>
              </value>
            </param>
            <param index="1">
              <value>
                <![CDATA[ER]]>
              </value>
            </param>
          </params>
          <reporter-output>
          </reporter-output>
        </test-method> <!-- testCreateUser -->
      </class> <!-- api.test.CreateUserDDT -->
    </test> <!-- UserTest -->
  </suite> <!-- UserSuite -->
</testng-results>
