<?xml version="1.0" encoding="UTF-8"?>
<testng-results ignored="0" total="2" passed="2" failed="0" skipped="0">
  <reporter-output>
  </reporter-output>
  <suite started-at="2023-04-02T17:27:18 IST" name="Default suite" finished-at="2023-04-02T17:27:19 IST" duration-ms="911">
    <groups>
    </groups>
    <test started-at="2023-04-02T17:27:18 IST" name="Default test" finished-at="2023-04-02T17:27:19 IST" duration-ms="911">
      <class name="day6.SerializationDeserialization">
        <test-method signature="convertPojoToJson()[pri:0, instance:day6.SerializationDeserialization@1a18644]" started-at="2023-04-02T17:27:18 IST" name="convertPojoToJson" finished-at="2023-04-02T17:27:19 IST" duration-ms="651" status="PASS">
          <reporter-output>
          </reporter-output>
        </test-method> <!-- convertPojoToJson -->
        <test-method signature="convertJsonToPojo()[pri:1, instance:day6.SerializationDeserialization@1a18644]" started-at="2023-04-02T17:27:19 IST" name="convertJsonToPojo" finished-at="2023-04-02T17:27:19 IST" duration-ms="99" status="PASS">
          <reporter-output>
          </reporter-output>
        </test-method> <!-- convertJsonToPojo -->
      </class> <!-- day6.SerializationDeserialization -->
    </test> <!-- Default test -->
  </suite> <!-- Default suite -->
</testng-results>
