<?xml version="1.0" encoding="UTF-8"?>
<!-- Generated by org.testng.reporters.JUnitXMLReporter -->
<testsuite ignored="2" hostname="ZPPS-VIDHATE-WASTI" failures="3" tests="3" name="UserTest(failed)" time="21.804" errors="0" timestamp="2023-04-02T15:02:36 IST">
  <testcase classname="api.test.StoreDataDrivenTest" name="testPostOrder" time="10.128">
    <failure type="com.fasterxml.jackson.core.JsonParseException" message="Unrecognized token &amp;apos;io&amp;apos;: was expecting (JSON String, Number, Array, Object or token &amp;apos;null&amp;apos;, &amp;apos;true&amp;apos; or &amp;apos;false&amp;apos;)
 at [Source: (String)&amp;quot;io.restassured.internal.RestAssuredResponseImpl@3f3c5ecd&amp;quot;; line: 1, column: 3]">
      <![CDATA[com.fasterxml.jackson.core.JsonParseException: Unrecognized token 'io': was expecting (JSON String, Number, Array, Object or token 'null', 'true' or 'false')
 at [Source: (String)"io.restassured.internal.RestAssuredResponseImpl@3f3c5ecd"; line: 1, column: 3]
at com.fasterxml.jackson.core.JsonParser._constructError(JsonParser.java:2418)
at com.fasterxml.jackson.core.base.ParserMinimalBase._reportError(ParserMinimalBase.java:759)
at com.fasterxml.jackson.core.json.ReaderBasedJsonParser._reportInvalidToken(ReaderBasedJsonParser.java:3038)
at com.fasterxml.jackson.core.json.ReaderBasedJsonParser._handleOddValue(ReaderBasedJsonParser.java:2079)
at com.fasterxml.jackson.core.json.ReaderBasedJsonParser.nextToken(ReaderBasedJsonParser.java:805)
at com.fasterxml.jackson.databind.ObjectMapper._initForReading(ObjectMapper.java:4817)
at com.fasterxml.jackson.databind.ObjectMapper._readMapAndClose(ObjectMapper.java:4723)
at com.fasterxml.jackson.databind.ObjectMapper.readValue(ObjectMapper.java:3677)
at com.fasterxml.jackson.databind.ObjectMapper.readValue(ObjectMapper.java:3645)
at api.test.StoreDataDrivenTest.testPostOrder(StoreDataDrivenTest.java:48)
at java.base/java.util.ArrayList.forEach(ArrayList.java:1511)
... Removed 27 stack frames]]>
    </failure>
  </testcase> <!-- testPostOrder -->
  <testcase classname="api.test.StoreDataDrivenTest" name="testPostOrder" time="2.198">
    <failure type="com.fasterxml.jackson.core.JsonParseException" message="Unrecognized token &amp;apos;io&amp;apos;: was expecting (JSON String, Number, Array, Object or token &amp;apos;null&amp;apos;, &amp;apos;true&amp;apos; or &amp;apos;false&amp;apos;)
 at [Source: (String)&amp;quot;io.restassured.internal.RestAssuredResponseImpl@7ab1ad9&amp;quot;; line: 1, column: 3]">
      <![CDATA[com.fasterxml.jackson.core.JsonParseException: Unrecognized token 'io': was expecting (JSON String, Number, Array, Object or token 'null', 'true' or 'false')
 at [Source: (String)"io.restassured.internal.RestAssuredResponseImpl@7ab1ad9"; line: 1, column: 3]
at com.fasterxml.jackson.core.JsonParser._constructError(JsonParser.java:2418)
at com.fasterxml.jackson.core.base.ParserMinimalBase._reportError(ParserMinimalBase.java:759)
at com.fasterxml.jackson.core.json.ReaderBasedJsonParser._reportInvalidToken(ReaderBasedJsonParser.java:3038)
at com.fasterxml.jackson.core.json.ReaderBasedJsonParser._handleOddValue(ReaderBasedJsonParser.java:2079)
at com.fasterxml.jackson.core.json.ReaderBasedJsonParser.nextToken(ReaderBasedJsonParser.java:805)
at com.fasterxml.jackson.databind.ObjectMapper._initForReading(ObjectMapper.java:4817)
at com.fasterxml.jackson.databind.ObjectMapper._readMapAndClose(ObjectMapper.java:4723)
at com.fasterxml.jackson.databind.ObjectMapper.readValue(ObjectMapper.java:3677)
at com.fasterxml.jackson.databind.ObjectMapper.readValue(ObjectMapper.java:3645)
at api.test.StoreDataDrivenTest.testPostOrder(StoreDataDrivenTest.java:48)
at java.base/java.util.ArrayList.forEach(ArrayList.java:1511)
... Removed 27 stack frames]]>
    </failure>
  </testcase> <!-- testPostOrder -->
  <testcase classname="api.test.StoreDataDrivenTest" name="testPostOrder" time="1.749">
    <failure type="com.fasterxml.jackson.core.JsonParseException" message="Unrecognized token &amp;apos;io&amp;apos;: was expecting (JSON String, Number, Array, Object or token &amp;apos;null&amp;apos;, &amp;apos;true&amp;apos; or &amp;apos;false&amp;apos;)
 at [Source: (String)&amp;quot;io.restassured.internal.RestAssuredResponseImpl@69a90b81&amp;quot;; line: 1, column: 3]">
      <![CDATA[com.fasterxml.jackson.core.JsonParseException: Unrecognized token 'io': was expecting (JSON String, Number, Array, Object or token 'null', 'true' or 'false')
 at [Source: (String)"io.restassured.internal.RestAssuredResponseImpl@69a90b81"; line: 1, column: 3]
at com.fasterxml.jackson.core.JsonParser._constructError(JsonParser.java:2418)
at com.fasterxml.jackson.core.base.ParserMinimalBase._reportError(ParserMinimalBase.java:759)
at com.fasterxml.jackson.core.json.ReaderBasedJsonParser._reportInvalidToken(ReaderBasedJsonParser.java:3038)
at com.fasterxml.jackson.core.json.ReaderBasedJsonParser._handleOddValue(ReaderBasedJsonParser.java:2079)
at com.fasterxml.jackson.core.json.ReaderBasedJsonParser.nextToken(ReaderBasedJsonParser.java:805)
at com.fasterxml.jackson.databind.ObjectMapper._initForReading(ObjectMapper.java:4817)
at com.fasterxml.jackson.databind.ObjectMapper._readMapAndClose(ObjectMapper.java:4723)
at com.fasterxml.jackson.databind.ObjectMapper.readValue(ObjectMapper.java:3677)
at com.fasterxml.jackson.databind.ObjectMapper.readValue(ObjectMapper.java:3645)
at api.test.StoreDataDrivenTest.testPostOrder(StoreDataDrivenTest.java:48)
at java.base/java.util.ArrayList.forEach(ArrayList.java:1511)
... Removed 27 stack frames]]>
    </failure>
  </testcase> <!-- testPostOrder -->
  <testcase classname="api.test.StoreDataDrivenTest" name="testDeleteOrder" time="0.0">
    <ignored/>
  </testcase> <!-- testDeleteOrder -->
  <testcase classname="api.test.StoreDataDrivenTest" name="testGetOrder" time="0.0">
    <ignored/>
  </testcase> <!-- testGetOrder -->
</testsuite> <!-- UserTest(failed) -->
