<?xml version="1.0" encoding="UTF-8"?>
<!-- Generated by org.testng.reporters.JUnitXMLReporter -->
<testsuite ignored="0" hostname="ZPPS-VIDHATE-WASTI" failures="0" tests="6" name="UserTest" time="5.078" errors="0" timestamp="2023-04-04T19:35:22 IST">
  <testcase classname="api.test.CreateUserDDT" name="testCreateUser" time="1.062"/>
  <testcase classname="api.test.CreateUserDDT" name="testCreateUser" time="0.673"/>
  <testcase classname="api.test.CreateUserDDT" name="testCreateUser" time="0.626"/>
  <testcase classname="api.test.CreateUserDDT" name="testCreateUser" time="0.652"/>
  <testcase classname="api.test.CreateUserDDT" name="testCreateUser" time="0.617"/>
  <testcase classname="api.test.CreateUserDDT" name="testCreateUser" time="0.657"/>
</testsuite> <!-- UserTest -->
